<?xml version="1.0" encoding="UTF-8"?>
<!-- Generated by org.testng.reporters.JUnitReportReporter -->
<testsuite hostname="DEVI" failures="0" tests="3" name="com.sevenmartmarket.tests.LoginTest" time="8.056" errors="0" timestamp="2024-07-25T23:40:05 IST" skipped="0">
  <testcase classname="com.sevenmartmarket.tests.LoginTest" name="verifyLogin" time="2.671"/>
  <testcase classname="com.sevenmartmarket.tests.LoginTest" name="verifyLogin" time="3.149"/>
  <testcase classname="com.sevenmartmarket.tests.LoginTest" name="verifyLogin" time="2.236"/>
</testsuite> <!-- com.sevenmartmarket.tests.LoginTest -->
