<?xml version="1.0" encoding="UTF-8"?>
<!-- Generated by org.testng.reporters.JUnitReportReporter -->
<testsuite hostname="DEVI" failures="0" tests="1" name="com.sevenmartmarket.tests.ManageProductTest" time="6.963" errors="0" timestamp="2024-07-26T19:11:47 IST" skipped="0">
  <testcase classname="com.sevenmartmarket.tests.ManageProductTest" name="verifyManagerproduct" time="6.963"/>
</testsuite> <!-- com.sevenmartmarket.tests.ManageProductTest -->
